<?xml version="1.0" encoding="UTF-8"?>
<testsuite xmlns:xsi="http://www.w3.org/2001/XMLSchema-instance" xsi:noNamespaceSchemaLocation="https://maven.apache.org/surefire/maven-surefire-plugin/xsd/surefire-test-report-3.0.xsd" version="3.0" name="com.example.shortenuri.controller.UrlControllerTest" time="0.366" tests="10" errors="0" skipped="0" failures="0">
  <properties>
    <property name="java.specification.version" value="17"/>
    <property name="sun.jnu.encoding" value="UTF-8"/>
    <property name="java.class.path" value="/Users/junseong/Documents/workspace/shortenuri-api/target/test-classes:/Users/junseong/Documents/workspace/shortenuri-api/target/classes:/Users/junseong/.m2/repository/org/springframework/boot/spring-boot-starter-web/3.2.0/spring-boot-starter-web-3.2.0.jar:/Users/junseong/.m2/repository/org/springframework/boot/spring-boot-starter/3.2.0/spring-boot-starter-3.2.0.jar:/Users/junseong/.m2/repository/org/springframework/boot/spring-boot/3.2.0/spring-boot-3.2.0.jar:/Users/junseong/.m2/repository/org/springframework/boot/spring-boot-autoconfigure/3.2.0/spring-boot-autoconfigure-3.2.0.jar:/Users/junseong/.m2/repository/org/springframework/boot/spring-boot-starter-logging/3.2.0/spring-boot-starter-logging-3.2.0.jar:/Users/junseong/.m2/repository/ch/qos/logback/logback-classic/1.4.11/logback-classic-1.4.11.jar:/Users/junseong/.m2/repository/ch/qos/logback/logback-core/1.4.11/logback-core-1.4.11.jar:/Users/junseong/.m2/repository/org/apache/logging/log4j/log4j-to-slf4j/2.21.1/log4j-to-slf4j-2.21.1.jar:/Users/junseong/.m2/repository/org/apache/logging/log4j/log4j-api/2.21.1/log4j-api-2.21.1.jar:/Users/junseong/.m2/repository/org/slf4j/jul-to-slf4j/2.0.9/jul-to-slf4j-2.0.9.jar:/Users/junseong/.m2/repository/jakarta/annotation/jakarta.annotation-api/2.1.1/jakarta.annotation-api-2.1.1.jar:/Users/junseong/.m2/repository/org/yaml/snakeyaml/2.2/snakeyaml-2.2.jar:/Users/junseong/.m2/repository/org/springframework/boot/spring-boot-starter-json/3.2.0/spring-boot-starter-json-3.2.0.jar:/Users/junseong/.m2/repository/com/fasterxml/jackson/core/jackson-databind/2.15.3/jackson-databind-2.15.3.jar:/Users/junseong/.m2/repository/com/fasterxml/jackson/core/jackson-annotations/2.15.3/jackson-annotations-2.15.3.jar:/Users/junseong/.m2/repository/com/fasterxml/jackson/core/jackson-core/2.15.3/jackson-core-2.15.3.jar:/Users/junseong/.m2/repository/com/fasterxml/jackson/datatype/jackson-datatype-jdk8/2.15.3/jackson-datatype-jdk8-2.15.3.jar:/Users/junseong/.m2/repository/com/fasterxml/jackson/datatype/jackson-datatype-jsr310/2.15.3/jackson-datatype-jsr310-2.15.3.jar:/Users/junseong/.m2/repository/com/fasterxml/jackson/module/jackson-module-parameter-names/2.15.3/jackson-module-parameter-names-2.15.3.jar:/Users/junseong/.m2/repository/org/springframework/boot/spring-boot-starter-tomcat/3.2.0/spring-boot-starter-tomcat-3.2.0.jar:/Users/junseong/.m2/repository/org/apache/tomcat/embed/tomcat-embed-core/10.1.16/tomcat-embed-core-10.1.16.jar:/Users/junseong/.m2/repository/org/apache/tomcat/embed/tomcat-embed-websocket/10.1.16/tomcat-embed-websocket-10.1.16.jar:/Users/junseong/.m2/repository/org/springframework/spring-web/6.1.1/spring-web-6.1.1.jar:/Users/junseong/.m2/repository/org/springframework/spring-beans/6.1.1/spring-beans-6.1.1.jar:/Users/junseong/.m2/repository/io/micrometer/micrometer-observation/1.12.0/micrometer-observation-1.12.0.jar:/Users/junseong/.m2/repository/io/micrometer/micrometer-commons/1.12.0/micrometer-commons-1.12.0.jar:/Users/junseong/.m2/repository/org/springframework/spring-webmvc/6.1.1/spring-webmvc-6.1.1.jar:/Users/junseong/.m2/repository/org/springframework/spring-aop/6.1.1/spring-aop-6.1.1.jar:/Users/junseong/.m2/repository/org/springframework/spring-context/6.1.1/spring-context-6.1.1.jar:/Users/junseong/.m2/repository/org/springframework/spring-expression/6.1.1/spring-expression-6.1.1.jar:/Users/junseong/.m2/repository/org/springframework/boot/spring-boot-starter-data-jpa/3.2.0/spring-boot-starter-data-jpa-3.2.0.jar:/Users/junseong/.m2/repository/org/springframework/boot/spring-boot-starter-aop/3.2.0/spring-boot-starter-aop-3.2.0.jar:/Users/junseong/.m2/repository/org/aspectj/aspectjweaver/1.9.20.1/aspectjweaver-1.9.20.1.jar:/Users/junseong/.m2/repository/org/springframework/boot/spring-boot-starter-jdbc/3.2.0/spring-boot-starter-jdbc-3.2.0.jar:/Users/junseong/.m2/repository/com/zaxxer/HikariCP/5.0.1/HikariCP-5.0.1.jar:/Users/junseong/.m2/repository/org/springframework/spring-jdbc/6.1.1/spring-jdbc-6.1.1.jar:/Users/junseong/.m2/repository/org/hibernate/orm/hibernate-core/6.3.1.Final/hibernate-core-6.3.1.Final.jar:/Users/junseong/.m2/repository/jakarta/persistence/jakarta.persistence-api/3.1.0/jakarta.persistence-api-3.1.0.jar:/Users/junseong/.m2/repository/jakarta/transaction/jakarta.transaction-api/2.0.1/jakarta.transaction-api-2.0.1.jar:/Users/junseong/.m2/repository/org/jboss/logging/jboss-logging/3.5.3.Final/jboss-logging-3.5.3.Final.jar:/Users/junseong/.m2/repository/org/hibernate/common/hibernate-commons-annotations/6.0.6.Final/hibernate-commons-annotations-6.0.6.Final.jar:/Users/junseong/.m2/repository/io/smallrye/jandex/3.1.2/jandex-3.1.2.jar:/Users/junseong/.m2/repository/com/fasterxml/classmate/1.6.0/classmate-1.6.0.jar:/Users/junseong/.m2/repository/net/bytebuddy/byte-buddy/1.14.10/byte-buddy-1.14.10.jar:/Users/junseong/.m2/repository/org/glassfish/jaxb/jaxb-runtime/4.0.4/jaxb-runtime-4.0.4.jar:/Users/junseong/.m2/repository/org/glassfish/jaxb/jaxb-core/4.0.4/jaxb-core-4.0.4.jar:/Users/junseong/.m2/repository/org/eclipse/angus/angus-activation/2.0.1/angus-activation-2.0.1.jar:/Users/junseong/.m2/repository/org/glassfish/jaxb/txw2/4.0.4/txw2-4.0.4.jar:/Users/junseong/.m2/repository/com/sun/istack/istack-commons-runtime/4.1.2/istack-commons-runtime-4.1.2.jar:/Users/junseong/.m2/repository/jakarta/inject/jakarta.inject-api/2.0.1/jakarta.inject-api-2.0.1.jar:/Users/junseong/.m2/repository/org/antlr/antlr4-runtime/4.10.1/antlr4-runtime-4.10.1.jar:/Users/junseong/.m2/repository/org/springframework/data/spring-data-jpa/3.2.0/spring-data-jpa-3.2.0.jar:/Users/junseong/.m2/repository/org/springframework/data/spring-data-commons/3.2.0/spring-data-commons-3.2.0.jar:/Users/junseong/.m2/repository/org/springframework/spring-orm/6.1.1/spring-orm-6.1.1.jar:/Users/junseong/.m2/repository/org/springframework/spring-tx/6.1.1/spring-tx-6.1.1.jar:/Users/junseong/.m2/repository/org/slf4j/slf4j-api/2.0.9/slf4j-api-2.0.9.jar:/Users/junseong/.m2/repository/org/springframework/spring-aspects/6.1.1/spring-aspects-6.1.1.jar:/Users/junseong/.m2/repository/com/h2database/h2/2.2.224/h2-2.2.224.jar:/Users/junseong/.m2/repository/org/springframework/boot/spring-boot-starter-validation/3.2.0/spring-boot-starter-validation-3.2.0.jar:/Users/junseong/.m2/repository/org/apache/tomcat/embed/tomcat-embed-el/10.1.16/tomcat-embed-el-10.1.16.jar:/Users/junseong/.m2/repository/org/hibernate/validator/hibernate-validator/8.0.1.Final/hibernate-validator-8.0.1.Final.jar:/Users/junseong/.m2/repository/jakarta/validation/jakarta.validation-api/3.0.2/jakarta.validation-api-3.0.2.jar:/Users/junseong/.m2/repository/org/springframework/boot/spring-boot-starter-test/3.2.0/spring-boot-starter-test-3.2.0.jar:/Users/junseong/.m2/repository/org/springframework/boot/spring-boot-test/3.2.0/spring-boot-test-3.2.0.jar:/Users/junseong/.m2/repository/org/springframework/boot/spring-boot-test-autoconfigure/3.2.0/spring-boot-test-autoconfigure-3.2.0.jar:/Users/junseong/.m2/repository/com/jayway/jsonpath/json-path/2.8.0/json-path-2.8.0.jar:/Users/junseong/.m2/repository/jakarta/xml/bind/jakarta.xml.bind-api/4.0.1/jakarta.xml.bind-api-4.0.1.jar:/Users/junseong/.m2/repository/jakarta/activation/jakarta.activation-api/2.1.2/jakarta.activation-api-2.1.2.jar:/Users/junseong/.m2/repository/net/minidev/json-smart/2.5.0/json-smart-2.5.0.jar:/Users/junseong/.m2/repository/net/minidev/accessors-smart/2.5.0/accessors-smart-2.5.0.jar:/Users/junseong/.m2/repository/org/ow2/asm/asm/9.3/asm-9.3.jar:/Users/junseong/.m2/repository/org/assertj/assertj-core/3.24.2/assertj-core-3.24.2.jar:/Users/junseong/.m2/repository/org/awaitility/awaitility/4.2.0/awaitility-4.2.0.jar:/Users/junseong/.m2/repository/org/hamcrest/hamcrest/2.2/hamcrest-2.2.jar:/Users/junseong/.m2/repository/org/junit/jupiter/junit-jupiter/5.10.1/junit-jupiter-5.10.1.jar:/Users/junseong/.m2/repository/org/junit/jupiter/junit-jupiter-api/5.10.1/junit-jupiter-api-5.10.1.jar:/Users/junseong/.m2/repository/org/opentest4j/opentest4j/1.3.0/opentest4j-1.3.0.jar:/Users/junseong/.m2/repository/org/junit/platform/junit-platform-commons/1.10.1/junit-platform-commons-1.10.1.jar:/Users/junseong/.m2/repository/org/apiguardian/apiguardian-api/1.1.2/apiguardian-api-1.1.2.jar:/Users/junseong/.m2/repository/org/junit/jupiter/junit-jupiter-params/5.10.1/junit-jupiter-params-5.10.1.jar:/Users/junseong/.m2/repository/org/junit/jupiter/junit-jupiter-engine/5.10.1/junit-jupiter-engine-5.10.1.jar:/Users/junseong/.m2/repository/org/junit/platform/junit-platform-engine/1.10.1/junit-platform-engine-1.10.1.jar:/Users/junseong/.m2/repository/org/mockito/mockito-core/5.7.0/mockito-core-5.7.0.jar:/Users/junseong/.m2/repository/net/bytebuddy/byte-buddy-agent/1.14.10/byte-buddy-agent-1.14.10.jar:/Users/junseong/.m2/repository/org/objenesis/objenesis/3.3/objenesis-3.3.jar:/Users/junseong/.m2/repository/org/mockito/mockito-junit-jupiter/5.7.0/mockito-junit-jupiter-5.7.0.jar:/Users/junseong/.m2/repository/org/skyscreamer/jsonassert/1.5.1/jsonassert-1.5.1.jar:/Users/junseong/.m2/repository/com/vaadin/external/google/android-json/0.0.20131108.vaadin1/android-json-0.0.20131108.vaadin1.jar:/Users/junseong/.m2/repository/org/springframework/spring-core/6.1.1/spring-core-6.1.1.jar:/Users/junseong/.m2/repository/org/springframework/spring-jcl/6.1.1/spring-jcl-6.1.1.jar:/Users/junseong/.m2/repository/org/springframework/spring-test/6.1.1/spring-test-6.1.1.jar:/Users/junseong/.m2/repository/org/xmlunit/xmlunit-core/2.9.1/xmlunit-core-2.9.1.jar:"/>
    <property name="java.vm.vendor" value="Amazon.com Inc."/>
    <property name="sun.arch.data.model" value="64"/>
    <property name="java.vendor.url" value="https://aws.amazon.com/corretto/"/>
    <property name="user.timezone" value="Asia/Seoul"/>
    <property name="org.jboss.logging.provider" value="slf4j"/>
    <property name="os.name" value="Mac OS X"/>
    <property name="java.vm.specification.version" value="17"/>
    <property name="sun.java.launcher" value="SUN_STANDARD"/>
    <property name="user.country" value="KR"/>
    <property name="sun.boot.library.path" value="/Users/junseong/Library/Java/JavaVirtualMachines/corretto-17.0.9/Contents/Home/lib"/>
    <property name="sun.java.command" value="/Users/junseong/Documents/workspace/shortenuri-api/target/surefire/surefirebooter-20250901203333391_3.jar /Users/junseong/Documents/workspace/shortenuri-api/target/surefire 2025-09-01T20-33-33_350-jvmRun1 surefire-20250901203333391_1tmp surefire_0-20250901203333391_2tmp"/>
    <property name="http.nonProxyHosts" value="local|*.local|169.254/16|*.169.254/16"/>
    <property name="jdk.debug" value="release"/>
    <property name="surefire.test.class.path" value="/Users/junseong/Documents/workspace/shortenuri-api/target/test-classes:/Users/junseong/Documents/workspace/shortenuri-api/target/classes:/Users/junseong/.m2/repository/org/springframework/boot/spring-boot-starter-web/3.2.0/spring-boot-starter-web-3.2.0.jar:/Users/junseong/.m2/repository/org/springframework/boot/spring-boot-starter/3.2.0/spring-boot-starter-3.2.0.jar:/Users/junseong/.m2/repository/org/springframework/boot/spring-boot/3.2.0/spring-boot-3.2.0.jar:/Users/junseong/.m2/repository/org/springframework/boot/spring-boot-autoconfigure/3.2.0/spring-boot-autoconfigure-3.2.0.jar:/Users/junseong/.m2/repository/org/springframework/boot/spring-boot-starter-logging/3.2.0/spring-boot-starter-logging-3.2.0.jar:/Users/junseong/.m2/repository/ch/qos/logback/logback-classic/1.4.11/logback-classic-1.4.11.jar:/Users/junseong/.m2/repository/ch/qos/logback/logback-core/1.4.11/logback-core-1.4.11.jar:/Users/junseong/.m2/repository/org/apache/logging/log4j/log4j-to-slf4j/2.21.1/log4j-to-slf4j-2.21.1.jar:/Users/junseong/.m2/repository/org/apache/logging/log4j/log4j-api/2.21.1/log4j-api-2.21.1.jar:/Users/junseong/.m2/repository/org/slf4j/jul-to-slf4j/2.0.9/jul-to-slf4j-2.0.9.jar:/Users/junseong/.m2/repository/jakarta/annotation/jakarta.annotation-api/2.1.1/jakarta.annotation-api-2.1.1.jar:/Users/junseong/.m2/repository/org/yaml/snakeyaml/2.2/snakeyaml-2.2.jar:/Users/junseong/.m2/repository/org/springframework/boot/spring-boot-starter-json/3.2.0/spring-boot-starter-json-3.2.0.jar:/Users/junseong/.m2/repository/com/fasterxml/jackson/core/jackson-databind/2.15.3/jackson-databind-2.15.3.jar:/Users/junseong/.m2/repository/com/fasterxml/jackson/core/jackson-annotations/2.15.3/jackson-annotations-2.15.3.jar:/Users/junseong/.m2/repository/com/fasterxml/jackson/core/jackson-core/2.15.3/jackson-core-2.15.3.jar:/Users/junseong/.m2/repository/com/fasterxml/jackson/datatype/jackson-datatype-jdk8/2.15.3/jackson-datatype-jdk8-2.15.3.jar:/Users/junseong/.m2/repository/com/fasterxml/jackson/datatype/jackson-datatype-jsr310/2.15.3/jackson-datatype-jsr310-2.15.3.jar:/Users/junseong/.m2/repository/com/fasterxml/jackson/module/jackson-module-parameter-names/2.15.3/jackson-module-parameter-names-2.15.3.jar:/Users/junseong/.m2/repository/org/springframework/boot/spring-boot-starter-tomcat/3.2.0/spring-boot-starter-tomcat-3.2.0.jar:/Users/junseong/.m2/repository/org/apache/tomcat/embed/tomcat-embed-core/10.1.16/tomcat-embed-core-10.1.16.jar:/Users/junseong/.m2/repository/org/apache/tomcat/embed/tomcat-embed-websocket/10.1.16/tomcat-embed-websocket-10.1.16.jar:/Users/junseong/.m2/repository/org/springframework/spring-web/6.1.1/spring-web-6.1.1.jar:/Users/junseong/.m2/repository/org/springframework/spring-beans/6.1.1/spring-beans-6.1.1.jar:/Users/junseong/.m2/repository/io/micrometer/micrometer-observation/1.12.0/micrometer-observation-1.12.0.jar:/Users/junseong/.m2/repository/io/micrometer/micrometer-commons/1.12.0/micrometer-commons-1.12.0.jar:/Users/junseong/.m2/repository/org/springframework/spring-webmvc/6.1.1/spring-webmvc-6.1.1.jar:/Users/junseong/.m2/repository/org/springframework/spring-aop/6.1.1/spring-aop-6.1.1.jar:/Users/junseong/.m2/repository/org/springframework/spring-context/6.1.1/spring-context-6.1.1.jar:/Users/junseong/.m2/repository/org/springframework/spring-expression/6.1.1/spring-expression-6.1.1.jar:/Users/junseong/.m2/repository/org/springframework/boot/spring-boot-starter-data-jpa/3.2.0/spring-boot-starter-data-jpa-3.2.0.jar:/Users/junseong/.m2/repository/org/springframework/boot/spring-boot-starter-aop/3.2.0/spring-boot-starter-aop-3.2.0.jar:/Users/junseong/.m2/repository/org/aspectj/aspectjweaver/1.9.20.1/aspectjweaver-1.9.20.1.jar:/Users/junseong/.m2/repository/org/springframework/boot/spring-boot-starter-jdbc/3.2.0/spring-boot-starter-jdbc-3.2.0.jar:/Users/junseong/.m2/repository/com/zaxxer/HikariCP/5.0.1/HikariCP-5.0.1.jar:/Users/junseong/.m2/repository/org/springframework/spring-jdbc/6.1.1/spring-jdbc-6.1.1.jar:/Users/junseong/.m2/repository/org/hibernate/orm/hibernate-core/6.3.1.Final/hibernate-core-6.3.1.Final.jar:/Users/junseong/.m2/repository/jakarta/persistence/jakarta.persistence-api/3.1.0/jakarta.persistence-api-3.1.0.jar:/Users/junseong/.m2/repository/jakarta/transaction/jakarta.transaction-api/2.0.1/jakarta.transaction-api-2.0.1.jar:/Users/junseong/.m2/repository/org/jboss/logging/jboss-logging/3.5.3.Final/jboss-logging-3.5.3.Final.jar:/Users/junseong/.m2/repository/org/hibernate/common/hibernate-commons-annotations/6.0.6.Final/hibernate-commons-annotations-6.0.6.Final.jar:/Users/junseong/.m2/repository/io/smallrye/jandex/3.1.2/jandex-3.1.2.jar:/Users/junseong/.m2/repository/com/fasterxml/classmate/1.6.0/classmate-1.6.0.jar:/Users/junseong/.m2/repository/net/bytebuddy/byte-buddy/1.14.10/byte-buddy-1.14.10.jar:/Users/junseong/.m2/repository/org/glassfish/jaxb/jaxb-runtime/4.0.4/jaxb-runtime-4.0.4.jar:/Users/junseong/.m2/repository/org/glassfish/jaxb/jaxb-core/4.0.4/jaxb-core-4.0.4.jar:/Users/junseong/.m2/repository/org/eclipse/angus/angus-activation/2.0.1/angus-activation-2.0.1.jar:/Users/junseong/.m2/repository/org/glassfish/jaxb/txw2/4.0.4/txw2-4.0.4.jar:/Users/junseong/.m2/repository/com/sun/istack/istack-commons-runtime/4.1.2/istack-commons-runtime-4.1.2.jar:/Users/junseong/.m2/repository/jakarta/inject/jakarta.inject-api/2.0.1/jakarta.inject-api-2.0.1.jar:/Users/junseong/.m2/repository/org/antlr/antlr4-runtime/4.10.1/antlr4-runtime-4.10.1.jar:/Users/junseong/.m2/repository/org/springframework/data/spring-data-jpa/3.2.0/spring-data-jpa-3.2.0.jar:/Users/junseong/.m2/repository/org/springframework/data/spring-data-commons/3.2.0/spring-data-commons-3.2.0.jar:/Users/junseong/.m2/repository/org/springframework/spring-orm/6.1.1/spring-orm-6.1.1.jar:/Users/junseong/.m2/repository/org/springframework/spring-tx/6.1.1/spring-tx-6.1.1.jar:/Users/junseong/.m2/repository/org/slf4j/slf4j-api/2.0.9/slf4j-api-2.0.9.jar:/Users/junseong/.m2/repository/org/springframework/spring-aspects/6.1.1/spring-aspects-6.1.1.jar:/Users/junseong/.m2/repository/com/h2database/h2/2.2.224/h2-2.2.224.jar:/Users/junseong/.m2/repository/org/springframework/boot/spring-boot-starter-validation/3.2.0/spring-boot-starter-validation-3.2.0.jar:/Users/junseong/.m2/repository/org/apache/tomcat/embed/tomcat-embed-el/10.1.16/tomcat-embed-el-10.1.16.jar:/Users/junseong/.m2/repository/org/hibernate/validator/hibernate-validator/8.0.1.Final/hibernate-validator-8.0.1.Final.jar:/Users/junseong/.m2/repository/jakarta/validation/jakarta.validation-api/3.0.2/jakarta.validation-api-3.0.2.jar:/Users/junseong/.m2/repository/org/springframework/boot/spring-boot-starter-test/3.2.0/spring-boot-starter-test-3.2.0.jar:/Users/junseong/.m2/repository/org/springframework/boot/spring-boot-test/3.2.0/spring-boot-test-3.2.0.jar:/Users/junseong/.m2/repository/org/springframework/boot/spring-boot-test-autoconfigure/3.2.0/spring-boot-test-autoconfigure-3.2.0.jar:/Users/junseong/.m2/repository/com/jayway/jsonpath/json-path/2.8.0/json-path-2.8.0.jar:/Users/junseong/.m2/repository/jakarta/xml/bind/jakarta.xml.bind-api/4.0.1/jakarta.xml.bind-api-4.0.1.jar:/Users/junseong/.m2/repository/jakarta/activation/jakarta.activation-api/2.1.2/jakarta.activation-api-2.1.2.jar:/Users/junseong/.m2/repository/net/minidev/json-smart/2.5.0/json-smart-2.5.0.jar:/Users/junseong/.m2/repository/net/minidev/accessors-smart/2.5.0/accessors-smart-2.5.0.jar:/Users/junseong/.m2/repository/org/ow2/asm/asm/9.3/asm-9.3.jar:/Users/junseong/.m2/repository/org/assertj/assertj-core/3.24.2/assertj-core-3.24.2.jar:/Users/junseong/.m2/repository/org/awaitility/awaitility/4.2.0/awaitility-4.2.0.jar:/Users/junseong/.m2/repository/org/hamcrest/hamcrest/2.2/hamcrest-2.2.jar:/Users/junseong/.m2/repository/org/junit/jupiter/junit-jupiter/5.10.1/junit-jupiter-5.10.1.jar:/Users/junseong/.m2/repository/org/junit/jupiter/junit-jupiter-api/5.10.1/junit-jupiter-api-5.10.1.jar:/Users/junseong/.m2/repository/org/opentest4j/opentest4j/1.3.0/opentest4j-1.3.0.jar:/Users/junseong/.m2/repository/org/junit/platform/junit-platform-commons/1.10.1/junit-platform-commons-1.10.1.jar:/Users/junseong/.m2/repository/org/apiguardian/apiguardian-api/1.1.2/apiguardian-api-1.1.2.jar:/Users/junseong/.m2/repository/org/junit/jupiter/junit-jupiter-params/5.10.1/junit-jupiter-params-5.10.1.jar:/Users/junseong/.m2/repository/org/junit/jupiter/junit-jupiter-engine/5.10.1/junit-jupiter-engine-5.10.1.jar:/Users/junseong/.m2/repository/org/junit/platform/junit-platform-engine/1.10.1/junit-platform-engine-1.10.1.jar:/Users/junseong/.m2/repository/org/mockito/mockito-core/5.7.0/mockito-core-5.7.0.jar:/Users/junseong/.m2/repository/net/bytebuddy/byte-buddy-agent/1.14.10/byte-buddy-agent-1.14.10.jar:/Users/junseong/.m2/repository/org/objenesis/objenesis/3.3/objenesis-3.3.jar:/Users/junseong/.m2/repository/org/mockito/mockito-junit-jupiter/5.7.0/mockito-junit-jupiter-5.7.0.jar:/Users/junseong/.m2/repository/org/skyscreamer/jsonassert/1.5.1/jsonassert-1.5.1.jar:/Users/junseong/.m2/repository/com/vaadin/external/google/android-json/0.0.20131108.vaadin1/android-json-0.0.20131108.vaadin1.jar:/Users/junseong/.m2/repository/org/springframework/spring-core/6.1.1/spring-core-6.1.1.jar:/Users/junseong/.m2/repository/org/springframework/spring-jcl/6.1.1/spring-jcl-6.1.1.jar:/Users/junseong/.m2/repository/org/springframework/spring-test/6.1.1/spring-test-6.1.1.jar:/Users/junseong/.m2/repository/org/xmlunit/xmlunit-core/2.9.1/xmlunit-core-2.9.1.jar:"/>
    <property name="sun.cpu.endian" value="little"/>
    <property name="user.home" value="/Users/junseong"/>
    <property name="user.language" value="ko"/>
    <property name="java.specification.vendor" value="Oracle Corporation"/>
    <property name="java.version.date" value="2023-10-17"/>
    <property name="java.home" value="/Users/junseong/Library/Java/JavaVirtualMachines/corretto-17.0.9/Contents/Home"/>
    <property name="file.separator" value="/"/>
    <property name="basedir" value="/Users/junseong/Documents/workspace/shortenuri-api"/>
    <property name="java.vm.compressedOopsMode" value="Zero based"/>
    <property name="line.separator" value="&#10;"/>
    <property name="java.vm.specification.vendor" value="Oracle Corporation"/>
    <property name="java.specification.name" value="Java Platform API Specification"/>
    <property name="FILE_LOG_CHARSET" value="UTF-8"/>
    <property name="java.awt.headless" value="true"/>
    <property name="surefire.real.class.path" value="/Users/junseong/Documents/workspace/shortenuri-api/target/surefire/surefirebooter-20250901203333391_3.jar"/>
    <property name="sun.management.compiler" value="HotSpot 64-Bit Tiered Compilers"/>
    <property name="ftp.nonProxyHosts" value="local|*.local|169.254/16|*.169.254/16"/>
    <property name="java.runtime.version" value="17.0.9+8-LTS"/>
    <property name="user.name" value="junseong"/>
    <property name="path.separator" value=":"/>
    <property name="os.version" value="15.5"/>
    <property name="java.runtime.name" value="OpenJDK Runtime Environment"/>
    <property name="file.encoding" value="UTF-8"/>
    <property name="java.vm.name" value="OpenJDK 64-Bit Server VM"/>
    <property name="java.vendor.version" value="Corretto-17.0.9.8.1"/>
    <property name="localRepository" value="/Users/junseong/.m2/repository"/>
    <property name="java.vendor.url.bug" value="https://github.com/corretto/corretto-17/issues/"/>
    <property name="java.io.tmpdir" value="/var/folders/xj/hkbsslnx6v7_ff_06fgqszkh0000gn/T/"/>
    <property name="java.version" value="17.0.9"/>
    <property name="user.dir" value="/Users/junseong/Documents/workspace/shortenuri-api"/>
    <property name="os.arch" value="aarch64"/>
    <property name="java.vm.specification.name" value="Java Virtual Machine Specification"/>
    <property name="PID" value="42491"/>
    <property name="CONSOLE_LOG_CHARSET" value="UTF-8"/>
    <property name="native.encoding" value="UTF-8"/>
    <property name="java.library.path" value="/Users/junseong/Library/Java/Extensions:/Library/Java/Extensions:/Network/Library/Java/Extensions:/System/Library/Java/Extensions:/usr/lib/java:."/>
    <property name="java.vm.info" value="mixed mode, sharing"/>
    <property name="java.vendor" value="Amazon.com Inc."/>
    <property name="java.vm.version" value="17.0.9+8-LTS"/>
    <property name="sun.io.unicode.encoding" value="UnicodeBig"/>
    <property name="socksNonProxyHosts" value="local|*.local|169.254/16|*.169.254/16"/>
    <property name="java.class.version" value="61.0"/>
  </properties>
  <testcase name="createShortUrl_WithCustomCode_Success" classname="com.example.shortenuri.controller.UrlControllerTest" time="0.046">
    <system-out><![CDATA[2025-09-01T20:33:36.576+09:00  INFO 42491 --- [           main] t.c.s.AnnotationConfigContextLoaderUtils : Could not detect default configuration classes for test class [com.example.shortenuri.controller.UrlControllerTest]: UrlControllerTest does not declare any static, non-private, non-final, nested classes annotated with @Configuration.
2025-09-01T20:33:36.585+09:00  INFO 42491 --- [           main] .b.t.c.SpringBootTestContextBootstrapper : Found @SpringBootConfiguration com.example.shortenuri.ShortenUriApplication for test class com.example.shortenuri.controller.UrlControllerTest

  .   ____          _            __ _ _
 /\\ / ___'_ __ _ _(_)_ __  __ _ \ \ \ \
( ( )\___ | '_ | '_| | '_ \/ _` | \ \ \ \
 \\/  ___)| |_)| | | | | || (_| |  ) ) ) )
  '  |____| .__|_| |_|_| |_\__, | / / / /
 =========|_|==============|___/=/_/_/_/
 :: Spring Boot ::                (v3.2.0)

2025-09-01T20:33:36.595+09:00  INFO 42491 --- [           main] c.e.s.controller.UrlControllerTest       : Starting UrlControllerTest using Java 17.0.9 with PID 42491 (started by junseong in /Users/junseong/Documents/workspace/shortenuri-api)
2025-09-01T20:33:36.595+09:00 DEBUG 42491 --- [           main] c.e.s.controller.UrlControllerTest       : Running with Spring Boot v3.2.0, Spring v6.1.1
2025-09-01T20:33:36.595+09:00  INFO 42491 --- [           main] c.e.s.controller.UrlControllerTest       : No active profile set, falling back to 1 default profile: "default"
2025-09-01T20:33:36.596+09:00 DEBUG 42491 --- [           main] o.s.w.c.s.GenericWebApplicationContext   : Refreshing org.springframework.web.context.support.GenericWebApplicationContext@67253518
2025-09-01T20:33:36.782+09:00 DEBUG 42491 --- [           main] s.w.s.m.m.a.RequestMappingHandlerMapping : 6 mappings in 'requestMappingHandlerMapping'
2025-09-01T20:33:36.808+09:00 DEBUG 42491 --- [           main] o.s.w.s.handler.SimpleUrlHandlerMapping  : Patterns [/webjars/**, /**] in 'resourceHandlerMapping'
2025-09-01T20:33:36.814+09:00 DEBUG 42491 --- [           main] s.w.s.m.m.a.RequestMappingHandlerAdapter : ControllerAdvice beans: 0 @ModelAttribute, 0 @InitBinder, 1 RequestBodyAdvice, 1 ResponseBodyAdvice
2025-09-01T20:33:36.816+09:00 DEBUG 42491 --- [           main] .m.m.a.ExceptionHandlerExceptionResolver : ControllerAdvice beans: 1 @ExceptionHandler, 1 ResponseBodyAdvice
2025-09-01T20:33:36.831+09:00  INFO 42491 --- [           main] o.s.b.t.m.w.SpringBootMockServletContext : Initializing Spring TestDispatcherServlet ''
2025-09-01T20:33:36.831+09:00  INFO 42491 --- [           main] o.s.t.web.servlet.TestDispatcherServlet  : Initializing Servlet ''
2025-09-01T20:33:36.832+09:00  INFO 42491 --- [           main] o.s.t.web.servlet.TestDispatcherServlet  : Completed initialization in 1 ms
2025-09-01T20:33:36.837+09:00  INFO 42491 --- [           main] c.e.s.controller.UrlControllerTest       : Started UrlControllerTest in 0.251 seconds (process running for 3.403)
2025-09-01T20:33:36.867+09:00 DEBUG 42491 --- [           main] s.w.s.m.m.a.RequestMappingHandlerMapping : Mapped to com.example.shortenuri.controller.UrlController#createShortUrl(CreateUrlRequest)
2025-09-01T20:33:36.871+09:00 DEBUG 42491 --- [           main] m.m.a.RequestResponseBodyMethodProcessor : Read "application/json;charset=UTF-8" to [com.example.shortenuri.dto.CreateUrlRequest@636e6791]
2025-09-01T20:33:36.878+09:00 DEBUG 42491 --- [           main] o.s.w.s.m.m.a.HttpEntityMethodProcessor  : Using 'application/json', given [*/*] and supported [application/json, application/*+json]
2025-09-01T20:33:36.879+09:00 DEBUG 42491 --- [           main] o.s.w.s.m.m.a.HttpEntityMethodProcessor  : Writing [com.example.shortenuri.dto.CreateUrlResponse@6eaf016e]
]]></system-out>
  </testcase>
  <testcase name="redirectToOriginalUrl_NotFound" classname="com.example.shortenuri.controller.UrlControllerTest" time="0.005">
    <system-out><![CDATA[2025-09-01T20:33:36.891+09:00 DEBUG 42491 --- [           main] s.w.s.m.m.a.RequestMappingHandlerMapping : Mapped to com.example.shortenuri.controller.UrlController#redirectToOriginalUrl(String, HttpServletResponse)
]]></system-out>
  </testcase>
  <testcase name="redirectToOriginalUrl_Success" classname="com.example.shortenuri.controller.UrlControllerTest" time="0.004">
    <system-out><![CDATA[2025-09-01T20:33:36.897+09:00 DEBUG 42491 --- [           main] s.w.s.m.m.a.RequestMappingHandlerMapping : Mapped to com.example.shortenuri.controller.UrlController#redirectToOriginalUrl(String, HttpServletResponse)
]]></system-out>
  </testcase>
  <testcase name="deleteUrl_Success" classname="com.example.shortenuri.controller.UrlControllerTest" time="0.005">
    <system-out><![CDATA[2025-09-01T20:33:36.902+09:00 DEBUG 42491 --- [           main] s.w.s.m.m.a.RequestMappingHandlerMapping : Mapped to com.example.shortenuri.controller.UrlController#deleteUrl(String)
2025-09-01T20:33:36.903+09:00 DEBUG 42491 --- [           main] o.s.w.s.m.m.a.HttpEntityMethodProcessor  : Using 'application/json', given [*/*] and supported [application/json, application/*+json]
2025-09-01T20:33:36.903+09:00 DEBUG 42491 --- [           main] o.s.w.s.m.m.a.HttpEntityMethodProcessor  : Nothing to write: null body
]]></system-out>
  </testcase>
  <testcase name="deleteUrl_NotFound" classname="com.example.shortenuri.controller.UrlControllerTest" time="0.003">
    <system-out><![CDATA[2025-09-01T20:33:36.907+09:00 DEBUG 42491 --- [           main] s.w.s.m.m.a.RequestMappingHandlerMapping : Mapped to com.example.shortenuri.controller.UrlController#deleteUrl(String)
2025-09-01T20:33:36.908+09:00 DEBUG 42491 --- [           main] o.s.w.s.m.m.a.HttpEntityMethodProcessor  : Using 'application/json', given [*/*] and supported [application/json, application/*+json]
2025-09-01T20:33:36.908+09:00 DEBUG 42491 --- [           main] o.s.w.s.m.m.a.HttpEntityMethodProcessor  : Nothing to write: null body
]]></system-out>
  </testcase>
  <testcase name="getUrlStats_Success" classname="com.example.shortenuri.controller.UrlControllerTest" time="0.005">
    <system-out><![CDATA[2025-09-01T20:33:36.911+09:00 DEBUG 42491 --- [           main] s.w.s.m.m.a.RequestMappingHandlerMapping : Mapped to com.example.shortenuri.controller.UrlController#getUrlStats(String)
2025-09-01T20:33:36.913+09:00 DEBUG 42491 --- [           main] o.s.w.s.m.m.a.HttpEntityMethodProcessor  : Using 'application/json', given [*/*] and supported [application/json, application/*+json]
2025-09-01T20:33:36.913+09:00 DEBUG 42491 --- [           main] o.s.w.s.m.m.a.HttpEntityMethodProcessor  : Writing [com.example.shortenuri.dto.UrlStatsResponse@2bfe9344]
]]></system-out>
  </testcase>
  <testcase name="createShortUrl_InvalidRequest_BadRequest" classname="com.example.shortenuri.controller.UrlControllerTest" time="0.007">
    <system-out><![CDATA[2025-09-01T20:33:36.917+09:00 DEBUG 42491 --- [           main] s.w.s.m.m.a.RequestMappingHandlerMapping : Mapped to com.example.shortenuri.controller.UrlController#createShortUrl(CreateUrlRequest)
2025-09-01T20:33:36.918+09:00 DEBUG 42491 --- [           main] m.m.a.RequestResponseBodyMethodProcessor : Read "application/json;charset=UTF-8" to [com.example.shortenuri.dto.CreateUrlRequest@35645453]
2025-09-01T20:33:36.919+09:00 DEBUG 42491 --- [           main] .m.m.a.ExceptionHandlerExceptionResolver : Using @ExceptionHandler com.example.shortenuri.exception.GlobalExceptionHandler#handleValidationExceptions(MethodArgumentNotValidException)
2025-09-01T20:33:36.920+09:00 DEBUG 42491 --- [           main] o.s.w.s.m.m.a.HttpEntityMethodProcessor  : Using 'application/json', given [*/*] and supported [application/json, application/*+json]
2025-09-01T20:33:36.920+09:00 DEBUG 42491 --- [           main] o.s.w.s.m.m.a.HttpEntityMethodProcessor  : Writing [{originalUrl=Invalid URL format}]
2025-09-01T20:33:36.921+09:00 DEBUG 42491 --- [           main] .m.m.a.ExceptionHandlerExceptionResolver : Resolved [org.springframework.web.bind.MethodArgumentNotValidException: Validation failed for argument [0] in public org.springframework.http.ResponseEntity<com.example.shortenuri.dto.CreateUrlResponse> com.example.shortenuri.controller.UrlController.createShortUrl(com.example.shortenuri.dto.CreateUrlRequest) with 2 errors: [Field error in object 'createUrlRequest' on field 'originalUrl': rejected value []; codes [NotBlank.createUrlRequest.originalUrl,NotBlank.originalUrl,NotBlank.java.lang.String,NotBlank]; arguments [org.springframework.context.support.DefaultMessageSourceResolvable: codes [createUrlRequest.originalUrl,originalUrl]; arguments []; default message [originalUrl]]; default message [Original URL is required]] [Field error in object 'createUrlRequest' on field 'originalUrl': rejected value []; codes [Pattern.createUrlRequest.originalUrl,Pattern.originalUrl,Pattern.java.lang.String,Pattern]; arguments [org.springframework.context.support.DefaultMessageSourceResolvable: codes [createUrlRequest.originalUrl,originalUrl]; arguments []; default message [originalUrl],[Ljakarta.validation.constraints.Pattern$Flag;@54da9644,^(https?://)?([\da-z.-]+)\.([a-z.]{2,6})[/\w .-]*/?$]; default message [Invalid URL format]] ]
]]></system-out>
  </testcase>
  <testcase name="getUrlStats_NotFound" classname="com.example.shortenuri.controller.UrlControllerTest" time="0.003">
    <system-out><![CDATA[2025-09-01T20:33:36.925+09:00 DEBUG 42491 --- [           main] s.w.s.m.m.a.RequestMappingHandlerMapping : Mapped to com.example.shortenuri.controller.UrlController#getUrlStats(String)
2025-09-01T20:33:36.925+09:00 DEBUG 42491 --- [           main] o.s.w.s.m.m.a.HttpEntityMethodProcessor  : Using 'application/json', given [*/*] and supported [application/json, application/*+json]
2025-09-01T20:33:36.925+09:00 DEBUG 42491 --- [           main] o.s.w.s.m.m.a.HttpEntityMethodProcessor  : Nothing to write: null body
]]></system-out>
  </testcase>
  <testcase name="createShortUrl_Success" classname="com.example.shortenuri.controller.UrlControllerTest" time="0.005">
    <system-out><![CDATA[2025-09-01T20:33:36.928+09:00 DEBUG 42491 --- [           main] s.w.s.m.m.a.RequestMappingHandlerMapping : Mapped to com.example.shortenuri.controller.UrlController#createShortUrl(CreateUrlRequest)
2025-09-01T20:33:36.929+09:00 DEBUG 42491 --- [           main] m.m.a.RequestResponseBodyMethodProcessor : Read "application/json;charset=UTF-8" to [com.example.shortenuri.dto.CreateUrlRequest@4c94621d]
2025-09-01T20:33:36.930+09:00 DEBUG 42491 --- [           main] o.s.w.s.m.m.a.HttpEntityMethodProcessor  : Using 'application/json', given [*/*] and supported [application/json, application/*+json]
2025-09-01T20:33:36.930+09:00 DEBUG 42491 --- [           main] o.s.w.s.m.m.a.HttpEntityMethodProcessor  : Writing [com.example.shortenuri.dto.CreateUrlResponse@2ecb7f0c]
]]></system-out>
  </testcase>
  <testcase name="createShortUrl_ServiceException_BadRequest" classname="com.example.shortenuri.controller.UrlControllerTest" time="0.003">
    <system-out><![CDATA[2025-09-01T20:33:36.933+09:00 DEBUG 42491 --- [           main] s.w.s.m.m.a.RequestMappingHandlerMapping : Mapped to com.example.shortenuri.controller.UrlController#createShortUrl(CreateUrlRequest)
2025-09-01T20:33:36.934+09:00 DEBUG 42491 --- [           main] m.m.a.RequestResponseBodyMethodProcessor : Read "application/json;charset=UTF-8" to [com.example.shortenuri.dto.CreateUrlRequest@43c76550]
2025-09-01T20:33:36.934+09:00 DEBUG 42491 --- [           main] o.s.w.s.m.m.a.HttpEntityMethodProcessor  : Using 'application/json', given [*/*] and supported [application/json, application/*+json]
2025-09-01T20:33:36.934+09:00 DEBUG 42491 --- [           main] o.s.w.s.m.m.a.HttpEntityMethodProcessor  : Nothing to write: null body
]]></system-out>
  </testcase>
</testsuite>